[INFO  - 2016-01-25T23:00:41.884Z] GhostDriver - Main - running on port 44058
[INFO  - 2016-01-25T23:00:41.888Z] GhostDriver - Main - running on port 2491
[INFO  - 2016-01-25T23:00:42.259Z] Session [7581cae0-c3b7-11e5-a13d-9dfab1160c79] - page.settings - {"XSSAuditingEnabled":false,"javascriptCanCloseWindows":true,"javascriptCanOpenWindows":true,"javascriptEnabled":true,"loadImages":true,"localToRemoteUrlAccessEnabled":false,"userAgent":"Mozilla/5.0 (Macintosh; Intel Mac OS X) AppleWebKit/534.34 (KHTML, like Gecko) PhantomJS/1.9.8 Safari/534.34","webSecurityEnabled":false}
[INFO  - 2016-01-25T23:00:42.259Z] Session [7581cae0-c3b7-11e5-a13d-9dfab1160c79] - page.customHeaders:  - {}
[INFO  - 2016-01-25T23:00:42.259Z] Session [7581cae0-c3b7-11e5-a13d-9dfab1160c79] - Session.negotiatedCapabilities - {"browserName":"phantomjs","version":"1.9.8","driverName":"ghostdriver","driverVersion":"1.1.0","platform":"mac-unknown-32bit","javascriptEnabled":true,"takesScreenshot":true,"handlesAlerts":false,"databaseEnabled":false,"locationContextEnabled":false,"applicationCacheEnabled":false,"browserConnectionEnabled":false,"cssSelectorsEnabled":true,"webStorageEnabled":false,"rotatable":false,"acceptSslCerts":false,"nativeEvents":true,"proxy":{"proxyType":"direct"}}
[INFO  - 2016-01-25T23:00:42.260Z] SessionManagerReqHand - _postNewSessionCommand - New Session Created: 7581cae0-c3b7-11e5-a13d-9dfab1160c79
[INFO  - 2016-01-25T23:00:42.261Z] Session [7581cae0-c3b7-11e5-9643-45da3388aacb] - page.settings - {"XSSAuditingEnabled":false,"javascriptCanCloseWindows":true,"javascriptCanOpenWindows":true,"javascriptEnabled":true,"loadImages":true,"localToRemoteUrlAccessEnabled":false,"userAgent":"Mozilla/5.0 (Macintosh; Intel Mac OS X) AppleWebKit/534.34 (KHTML, like Gecko) PhantomJS/1.9.8 Safari/534.34","webSecurityEnabled":false}
[INFO  - 2016-01-25T23:00:42.261Z] Session [7581cae0-c3b7-11e5-9643-45da3388aacb] - page.customHeaders:  - {}
[INFO  - 2016-01-25T23:00:42.261Z] Session [7581cae0-c3b7-11e5-9643-45da3388aacb] - Session.negotiatedCapabilities - {"browserName":"phantomjs","version":"1.9.8","driverName":"ghostdriver","driverVersion":"1.1.0","platform":"mac-unknown-32bit","javascriptEnabled":true,"takesScreenshot":true,"handlesAlerts":false,"databaseEnabled":false,"locationContextEnabled":false,"applicationCacheEnabled":false,"browserConnectionEnabled":false,"cssSelectorsEnabled":true,"webStorageEnabled":false,"rotatable":false,"acceptSslCerts":false,"nativeEvents":true,"proxy":{"proxyType":"direct"}}
[INFO  - 2016-01-25T23:00:42.261Z] SessionManagerReqHand - _postNewSessionCommand - New Session Created: 7581cae0-c3b7-11e5-9643-45da3388aacb
[INFO  - 2016-01-25T23:00:45.447Z] ShutdownReqHand - _handle - About to shutdown
[INFO  - 2016-01-25T23:00:45.553Z] ShutdownReqHand - _handle - About to shutdown
[INFO  - 2016-01-25T23:01:07.170Z] GhostDriver - Main - running on port 2695
[INFO  - 2016-01-25T23:01:07.174Z] GhostDriver - Main - running on port 20292
[INFO  - 2016-01-25T23:01:07.564Z] Session [84972e80-c3b7-11e5-b60d-c7ac5bdab211] - page.settings - {"XSSAuditingEnabled":false,"javascriptCanCloseWindows":true,"javascriptCanOpenWindows":true,"javascriptEnabled":true,"loadImages":true,"localToRemoteUrlAccessEnabled":false,"userAgent":"Mozilla/5.0 (Macintosh; Intel Mac OS X) AppleWebKit/534.34 (KHTML, like Gecko) PhantomJS/1.9.8 Safari/534.34","webSecurityEnabled":false}
[INFO  - 2016-01-25T23:01:07.564Z] Session [84972e80-c3b7-11e5-bb56-1d7372742538] - page.settings - {"XSSAuditingEnabled":false,"javascriptCanCloseWindows":true,"javascriptCanOpenWindows":true,"javascriptEnabled":true,"loadImages":true,"localToRemoteUrlAccessEnabled":false,"userAgent":"Mozilla/5.0 (Macintosh; Intel Mac OS X) AppleWebKit/534.34 (KHTML, like Gecko) PhantomJS/1.9.8 Safari/534.34","webSecurityEnabled":false}
[INFO  - 2016-01-25T23:01:07.564Z] Session [84972e80-c3b7-11e5-b60d-c7ac5bdab211] - page.customHeaders:  - {}
[INFO  - 2016-01-25T23:01:07.564Z] Session [84972e80-c3b7-11e5-bb56-1d7372742538] - page.customHeaders:  - {}
[INFO  - 2016-01-25T23:01:07.565Z] Session [84972e80-c3b7-11e5-b60d-c7ac5bdab211] - Session.negotiatedCapabilities - {"browserName":"phantomjs","version":"1.9.8","driverName":"ghostdriver","driverVersion":"1.1.0","platform":"mac-unknown-32bit","javascriptEnabled":true,"takesScreenshot":true,"handlesAlerts":false,"databaseEnabled":false,"locationContextEnabled":false,"applicationCacheEnabled":false,"browserConnectionEnabled":false,"cssSelectorsEnabled":true,"webStorageEnabled":false,"rotatable":false,"acceptSslCerts":false,"nativeEvents":true,"proxy":{"proxyType":"direct"}}
[INFO  - 2016-01-25T23:01:07.565Z] Session [84972e80-c3b7-11e5-bb56-1d7372742538] - Session.negotiatedCapabilities - {"browserName":"phantomjs","version":"1.9.8","driverName":"ghostdriver","driverVersion":"1.1.0","platform":"mac-unknown-32bit","javascriptEnabled":true,"takesScreenshot":true,"handlesAlerts":false,"databaseEnabled":false,"locationContextEnabled":false,"applicationCacheEnabled":false,"browserConnectionEnabled":false,"cssSelectorsEnabled":true,"webStorageEnabled":false,"rotatable":false,"acceptSslCerts":false,"nativeEvents":true,"proxy":{"proxyType":"direct"}}
[INFO  - 2016-01-25T23:01:07.565Z] SessionManagerReqHand - _postNewSessionCommand - New Session Created: 84972e80-c3b7-11e5-b60d-c7ac5bdab211
[INFO  - 2016-01-25T23:01:07.565Z] SessionManagerReqHand - _postNewSessionCommand - New Session Created: 84972e80-c3b7-11e5-bb56-1d7372742538
[INFO  - 2016-01-25T23:01:10.229Z] ShutdownReqHand - _handle - About to shutdown
[INFO  - 2016-01-25T23:01:10.309Z] ShutdownReqHand - _handle - About to shutdown
[INFO  - 2016-01-25T23:02:38.203Z] GhostDriver - Main - running on port 20745
[INFO  - 2016-01-25T23:02:38.206Z] GhostDriver - Main - running on port 3210
[INFO  - 2016-01-25T23:02:38.414Z] Session [babdcaa0-c3b7-11e5-8a36-7f3d250163a9] - page.settings - {"XSSAuditingEnabled":false,"javascriptCanCloseWindows":true,"javascriptCanOpenWindows":true,"javascriptEnabled":true,"loadImages":true,"localToRemoteUrlAccessEnabled":false,"userAgent":"Mozilla/5.0 (Macintosh; Intel Mac OS X) AppleWebKit/534.34 (KHTML, like Gecko) PhantomJS/1.9.8 Safari/534.34","webSecurityEnabled":false}
[INFO  - 2016-01-25T23:02:38.414Z] Session [babdcaa0-c3b7-11e5-a65f-a7aeffb9156e] - page.settings - {"XSSAuditingEnabled":false,"javascriptCanCloseWindows":true,"javascriptCanOpenWindows":true,"javascriptEnabled":true,"loadImages":true,"localToRemoteUrlAccessEnabled":false,"userAgent":"Mozilla/5.0 (Macintosh; Intel Mac OS X) AppleWebKit/534.34 (KHTML, like Gecko) PhantomJS/1.9.8 Safari/534.34","webSecurityEnabled":false}
[INFO  - 2016-01-25T23:02:38.414Z] Session [babdcaa0-c3b7-11e5-8a36-7f3d250163a9] - page.customHeaders:  - {}
[INFO  - 2016-01-25T23:02:38.414Z] Session [babdcaa0-c3b7-11e5-a65f-a7aeffb9156e] - page.customHeaders:  - {}
[INFO  - 2016-01-25T23:02:38.414Z] Session [babdcaa0-c3b7-11e5-8a36-7f3d250163a9] - Session.negotiatedCapabilities - {"browserName":"phantomjs","version":"1.9.8","driverName":"ghostdriver","driverVersion":"1.1.0","platform":"mac-unknown-32bit","javascriptEnabled":true,"takesScreenshot":true,"handlesAlerts":false,"databaseEnabled":false,"locationContextEnabled":false,"applicationCacheEnabled":false,"browserConnectionEnabled":false,"cssSelectorsEnabled":true,"webStorageEnabled":false,"rotatable":false,"acceptSslCerts":false,"nativeEvents":true,"proxy":{"proxyType":"direct"}}
[INFO  - 2016-01-25T23:02:38.414Z] Session [babdcaa0-c3b7-11e5-a65f-a7aeffb9156e] - Session.negotiatedCapabilities - {"browserName":"phantomjs","version":"1.9.8","driverName":"ghostdriver","driverVersion":"1.1.0","platform":"mac-unknown-32bit","javascriptEnabled":true,"takesScreenshot":true,"handlesAlerts":false,"databaseEnabled":false,"locationContextEnabled":false,"applicationCacheEnabled":false,"browserConnectionEnabled":false,"cssSelectorsEnabled":true,"webStorageEnabled":false,"rotatable":false,"acceptSslCerts":false,"nativeEvents":true,"proxy":{"proxyType":"direct"}}
[INFO  - 2016-01-25T23:02:38.415Z] SessionManagerReqHand - _postNewSessionCommand - New Session Created: babdcaa0-c3b7-11e5-8a36-7f3d250163a9
[INFO  - 2016-01-25T23:02:38.415Z] SessionManagerReqHand - _postNewSessionCommand - New Session Created: babdcaa0-c3b7-11e5-a65f-a7aeffb9156e
[INFO  - 2016-01-25T23:02:41.301Z] ShutdownReqHand - _handle - About to shutdown
[INFO  - 2016-01-25T23:02:41.387Z] ShutdownReqHand - _handle - About to shutdown
[INFO  - 2016-01-25T23:06:40.538Z] GhostDriver - Main - running on port 46974
[INFO  - 2016-01-25T23:06:40.541Z] GhostDriver - Main - running on port 22352
[INFO  - 2016-01-25T23:06:41.042Z] Session [4b5be2e0-c3b8-11e5-b701-b7313a155e1c] - page.settings - {"XSSAuditingEnabled":false,"javascriptCanCloseWindows":true,"javascriptCanOpenWindows":true,"javascriptEnabled":true,"loadImages":true,"localToRemoteUrlAccessEnabled":false,"userAgent":"Mozilla/5.0 (Macintosh; Intel Mac OS X) AppleWebKit/534.34 (KHTML, like Gecko) PhantomJS/1.9.8 Safari/534.34","webSecurityEnabled":false}
[INFO  - 2016-01-25T23:06:41.042Z] Session [4b5be2e0-c3b8-11e5-8d56-17977c6c2038] - page.settings - {"XSSAuditingEnabled":false,"javascriptCanCloseWindows":true,"javascriptCanOpenWindows":true,"javascriptEnabled":true,"loadImages":true,"localToRemoteUrlAccessEnabled":false,"userAgent":"Mozilla/5.0 (Macintosh; Intel Mac OS X) AppleWebKit/534.34 (KHTML, like Gecko) PhantomJS/1.9.8 Safari/534.34","webSecurityEnabled":false}
[INFO  - 2016-01-25T23:06:41.042Z] Session [4b5be2e0-c3b8-11e5-b701-b7313a155e1c] - page.customHeaders:  - {}
[INFO  - 2016-01-25T23:06:41.042Z] Session [4b5be2e0-c3b8-11e5-8d56-17977c6c2038] - page.customHeaders:  - {}
[INFO  - 2016-01-25T23:06:41.042Z] Session [4b5be2e0-c3b8-11e5-b701-b7313a155e1c] - Session.negotiatedCapabilities - {"browserName":"phantomjs","version":"1.9.8","driverName":"ghostdriver","driverVersion":"1.1.0","platform":"mac-unknown-32bit","javascriptEnabled":true,"takesScreenshot":true,"handlesAlerts":false,"databaseEnabled":false,"locationContextEnabled":false,"applicationCacheEnabled":false,"browserConnectionEnabled":false,"cssSelectorsEnabled":true,"webStorageEnabled":false,"rotatable":false,"acceptSslCerts":false,"nativeEvents":true,"proxy":{"proxyType":"direct"}}
[INFO  - 2016-01-25T23:06:41.042Z] Session [4b5be2e0-c3b8-11e5-8d56-17977c6c2038] - Session.negotiatedCapabilities - {"browserName":"phantomjs","version":"1.9.8","driverName":"ghostdriver","driverVersion":"1.1.0","platform":"mac-unknown-32bit","javascriptEnabled":true,"takesScreenshot":true,"handlesAlerts":false,"databaseEnabled":false,"locationContextEnabled":false,"applicationCacheEnabled":false,"browserConnectionEnabled":false,"cssSelectorsEnabled":true,"webStorageEnabled":false,"rotatable":false,"acceptSslCerts":false,"nativeEvents":true,"proxy":{"proxyType":"direct"}}
[INFO  - 2016-01-25T23:06:41.043Z] SessionManagerReqHand - _postNewSessionCommand - New Session Created: 4b5be2e0-c3b8-11e5-b701-b7313a155e1c
[INFO  - 2016-01-25T23:06:41.043Z] SessionManagerReqHand - _postNewSessionCommand - New Session Created: 4b5be2e0-c3b8-11e5-8d56-17977c6c2038
[INFO  - 2016-01-25T23:06:44.510Z] ShutdownReqHand - _handle - About to shutdown
[INFO  - 2016-01-25T23:06:44.590Z] ShutdownReqHand - _handle - About to shutdown
